<?xml version="1.0" encoding="utf-8"?><testsuites name="pytest tests"><testsuite name="pytest" errors="0" failures="0" skipped="0" tests="20" time="7.365" timestamp="2026-05-21T13:20:15.366413+00:00" hostname="agent-env-d943bd5f-50cf-4442-a723-77e463a4321a"><testcase classname="backend.tests.test_workshops.TestWorkshopCheckoutBasic" name="test_workshop_checkout_success" time="0.763" /><testcase classname="backend.tests.test_workshops.TestWorkshopCheckoutBasic" name="test_workshop_checkout_empty_name" time="0.068" /><testcase classname="backend.tests.test_workshops.TestWorkshopCheckoutBasic" name="test_workshop_checkout_empty_email" time="0.067" /><testcase classname="backend.tests.test_workshops.TestWorkshopCheckoutBasic" name="test_workshop_checkout_zero_price" time="0.071" /><testcase classname="backend.tests.test_workshops.TestWorkshopQuantity" name="test_quantity_3_persists_total" time="0.371" /><testcase classname="backend.tests.test_workshops.TestWorkshopQuantity" name="test_quantity_zero_clamped_to_1" time="0.382" /><testcase classname="backend.tests.test_workshops.TestWorkshopQuantity" name="test_quantity_11_clamped_to_10" time="0.623" /><testcase classname="backend.tests.test_workshops.TestWorkshopQuantity" name="test_quantity_negative_clamped" time="0.417" /><testcase classname="backend.tests.test_workshops.TestWorkshopQuantity" name="test_customer_id_persisted" time="0.699" /><testcase classname="backend.tests.test_workshops.TestSubscriptionDeliveryDate" name="test_delivery_date_too_soon_rejected" time="0.147" /><testcase classname="backend.tests.test_workshops.TestSubscriptionDeliveryDate" name="test_delivery_date_2_days_rejected" time="0.071" /><testcase classname="backend.tests.test_workshops.TestSubscriptionDeliveryDate" name="test_delivery_date_3_days_accepted" time="0.969" /><testcase classname="backend.tests.test_workshops.TestSubscriptionDeliveryDate" name="test_delivery_date_invalid_format" time="0.068" /><testcase classname="backend.tests.test_workshops.TestCustomerDashboardBookings" name="test_dashboard_returns_bookings_array" time="0.691" /><testcase classname="backend.tests.test_workshops.TestCustomerDashboardBookings" name="test_workshop_tx_not_duplicated_in_transactions" time="0.627" /><testcase classname="backend.tests.test_workshops.TestCustomerDashboardBookings" name="test_pending_workshop_booking_not_in_dashboard" time="0.595" /><testcase classname="backend.tests.test_workshops.TestRegression" name="test_invalid_session_id" time="0.167" /><testcase classname="backend.tests.test_workshops.TestRegression" name="test_subscriptions_checkout_no_delivery_date" time="0.066" /><testcase classname="backend.tests.test_workshops.TestRegression" name="test_orders_checkout" time="0.066" /><testcase classname="backend.tests.test_workshops.TestRegression" name="test_customer_login" time="0.289" /></testsuite></testsuites>