<?xml version="1.0" encoding="utf-8"?><testsuites name="pytest tests"><testsuite name="pytest" errors="0" failures="0" skipped="0" tests="11" time="6.099" timestamp="2026-04-12T14:34:17.362326+00:00" hostname="agent-env-55db4702-abeb-481d-a29e-96bd3bec3e99"><testcase classname="backend.tests.test_personalized_message.TestSubscriptionCheckoutPersonalizedMessage" name="test_subscription_checkout_with_personalized_message" time="0.902" /><testcase classname="backend.tests.test_personalized_message.TestSubscriptionCheckoutPersonalizedMessage" name="test_subscription_checkout_one_time_with_personalized_message" time="0.545" /><testcase classname="backend.tests.test_personalized_message.TestSubscriptionCheckoutPersonalizedMessage" name="test_subscription_checkout_empty_personalized_message" time="0.650" /><testcase classname="backend.tests.test_personalized_message.TestSubscriptionCheckoutPersonalizedMessage" name="test_subscription_checkout_without_personalized_message_field" time="0.579" /><testcase classname="backend.tests.test_personalized_message.TestSubscriptionCheckoutPersonalizedMessage" name="test_subscription_checkout_long_personalized_message" time="0.727" /><testcase classname="backend.tests.test_personalized_message.TestOrderCheckoutPersonalizedMessage" name="test_order_checkout_with_personalized_message" time="0.511" /><testcase classname="backend.tests.test_personalized_message.TestOrderCheckoutPersonalizedMessage" name="test_order_checkout_empty_personalized_message" time="0.588" /><testcase classname="backend.tests.test_personalized_message.TestOrderCheckoutPersonalizedMessage" name="test_order_checkout_without_personalized_message_field" time="0.587" /><testcase classname="backend.tests.test_personalized_message.TestOrderCheckoutPersonalizedMessage" name="test_order_checkout_multiple_items_with_personalized_message" time="0.727" /><testcase classname="backend.tests.test_personalized_message.TestAPIEndpointsHealth" name="test_subscription_plans_endpoint" time="0.102" /><testcase classname="backend.tests.test_personalized_message.TestAPIEndpointsHealth" name="test_products_endpoint" time="0.112" /></testsuite></testsuites>