<?xml version="1.0" encoding="utf-8"?><testsuites name="pytest tests"><testsuite name="pytest" errors="0" failures="0" skipped="0" tests="10" time="2.194" timestamp="2026-05-21T12:22:03.674027+00:00" hostname="agent-env-d943bd5f-50cf-4442-a723-77e463a4321a"><testcase classname="backend.tests.test_workshops.TestWorkshopCheckout" name="test_workshop_checkout_success" time="0.698" /><testcase classname="backend.tests.test_workshops.TestWorkshopCheckout" name="test_workshop_booking_persisted" time="0.499" /><testcase classname="backend.tests.test_workshops.TestWorkshopCheckout" name="test_workshop_checkout_empty_name" time="0.077" /><testcase classname="backend.tests.test_workshops.TestWorkshopCheckout" name="test_workshop_checkout_empty_email" time="0.067" /><testcase classname="backend.tests.test_workshops.TestWorkshopCheckout" name="test_workshop_checkout_zero_price" time="0.067" /><testcase classname="backend.tests.test_workshops.TestWorkshopCheckout" name="test_workshop_checkout_negative_price" time="0.067" /><testcase classname="backend.tests.test_workshops.TestOrderStatusRegression" name="test_invalid_session_id" time="0.172" /><testcase classname="backend.tests.test_workshops.TestRegressionCheckouts" name="test_subscriptions_checkout" time="0.116" /><testcase classname="backend.tests.test_workshops.TestRegressionCheckouts" name="test_orders_checkout" time="0.069" /><testcase classname="backend.tests.test_workshops.TestRegressionCheckouts" name="test_customer_login" time="0.305" /></testsuite></testsuites>